<?xml version="1.0" encoding="UTF-8" ?>
<testsuite tests="9" failures="1" name="com.ordiniristorante.RistoranteTest" time="0.06" errors="0" skipped="0">
  <properties>
[...]
</properties>
  <testcase classname="com.ordiniristorante.RistoranteTest" name="com.ordiniristorante.RistoranteTest.testStampaPiattiDisponibili" time="0.004"/>
  <testcase classname="com.ordiniristorante.RistoranteTest" name="com.ordiniristorante.RistoranteTest.testOrdineImportoMaggiore" time="0.002"/>
  <testcase classname="com.ordiniristorante.RistoranteTest" name="com.ordiniristorante.RistoranteTest.testAggiungiPiattoDisponibile" time="0.004"/>
  <testcase classname="com.ordiniristorante.RistoranteTest" name="com.ordiniristorante.RistoranteTest.testRimuoviOrdinazioneEffettuata" time="0.001"/>
  <testcase classname="com.ordiniristorante.RistoranteTest" name="com.ordiniristorante.RistoranteTest.testAggiungiOrdinazioneEffettuata" time="0.001"/>
  <testcase classname="com.ordiniristorante.RistoranteTest" name="com.ordiniristorante.RistoranteTest.testStampaOrdinazioniEffettuate" time="0"/>
  <testcase classname="com.ordiniristorante.RistoranteTest" name="com.ordiniristorante.RistoranteTest.testIncassoGiornaliero" time="0.007"/>
  <testcase classname="com.ordiniristorante.RistoranteTest" name="com.ordiniristorante.RistoranteTest.testRimuoviPiattoDisponibile" time="0"/>
  <testcase classname="com.ordiniristorante.RistoranteTest" name="com.ordiniristorante.RistoranteTest.testCreaListaPiatti" time="0.041">
    <failure message="expected: &lt;null&gt; but was: &lt;[]&gt;" type="org.opentest4j.AssertionFailedError">org.opentest4j.AssertionFailedError: expected: &lt;null&gt; but was: &lt;[]&gt;
	at org.junit.jupiter.api.AssertionUtils.fail(AssertionUtils.java:55)
	at org.junit.jupiter.api.AssertionUtils.failNotEqual(AssertionUtils.java:62)
	at org.junit.jupiter.api.AssertEquals.assertEquals(AssertEquals.java:182)
	at org.junit.jupiter.api.AssertEquals.assertEquals(AssertEquals.java:177)
	at org.junit.jupiter.api.Assertions.assertEquals(Assertions.java:1124)
	at com.ordiniristorante.RistoranteTest.testCreaListaPiatti(RistoranteTest.java:139)
</failure>
    <system-out>creaListaPiatti
</system-out>
  </testcase>
</testsuite>